2023-12-18 11:14:22,760	INFO worker.py:1673 -- Started a local Ray instance.
2023-12-18 11:14:26,057	INFO main.py:1140 -- [RayXGBoost] Created 4 new actors (4 total actors). Waiting until actors are ready for training.
2023-12-18 11:14:27,835	INFO main.py:1191 -- [RayXGBoost] Starting XGBoost training.
Number of GPUs: 4
GPU Names:
  GPU 1: Quadro RTX 8000
  GPU 2: Quadro RTX 8000
  GPU 3: Quadro RTX 8000
  GPU 4: Quadro RTX 8000
Number of CPUs: 48
Files already downloaded and verified
Files already downloaded and verified
Data loading time: 1.63 seconds
Preprocessing time: 10.98 seconds
[36m(_RemoteRayXGBoostActor pid=4098331)[0m [11:14:28] task [xgboost.ray]:23277883501008 got new rank 0
[36m(_RemoteRayXGBoostActor pid=4098339)[0m [11:14:29] WARNING: /workspace/src/common/error_msg.cc:27: The tree method `gpu_hist` is deprecated since 2.0.0. To use GPU training, set the `device` parameter to CUDA instead.
[36m(_RemoteRayXGBoostActor pid=4098339)[0m 
[36m(_RemoteRayXGBoostActor pid=4098339)[0m     E.g. tree_method = "hist", device = "cuda"
[36m(_RemoteRayXGBoostActor pid=4098339)[0m 
[0]	train-mlogloss:2.08267	train-merror:0.59704	val-mlogloss:2.13593	val-merror:0.68140
[1]	train-mlogloss:1.93626	train-merror:0.53638	val-mlogloss:2.03028	val-merror:0.64040
[2]	train-mlogloss:1.82170	train-merror:0.50480	val-mlogloss:1.95252	val-merror:0.62800
[3]	train-mlogloss:1.72887	train-merror:0.47851	val-mlogloss:1.89451	val-merror:0.61300
[4]	train-mlogloss:1.65007	train-merror:0.45471	val-mlogloss:1.84715	val-merror:0.60460
[5]	train-mlogloss:1.58053	train-merror:0.43678	val-mlogloss:1.80557	val-merror:0.59380
[6]	train-mlogloss:1.51858	train-merror:0.41822	val-mlogloss:1.76891	val-merror:0.58780
[7]	train-mlogloss:1.46288	train-merror:0.40322	val-mlogloss:1.73764	val-merror:0.58220
[8]	train-mlogloss:1.41392	train-merror:0.39024	val-mlogloss:1.71307	val-merror:0.57360
[9]	train-mlogloss:1.36773	train-merror:0.37293	val-mlogloss:1.68800	val-merror:0.56620
2023-12-18 11:14:42,942	INFO main.py:1708 -- [RayXGBoost] Finished XGBoost training on training data with total N=45,000 in 17.37 seconds (15.08 pure XGBoost training time).
[36m(_RemoteRayXGBoostActor pid=4098331)[0m /home/ssm10076/.local/lib/python3.11/site-packages/xgboost/core.py:160: UserWarning: [11:14:42] WARNING: /workspace/src/common/error_msg.cc:27: The tree method `gpu_hist` is deprecated since 2.0.0. To use GPU training, set the `device` parameter to CUDA instead.
[36m(_RemoteRayXGBoostActor pid=4098331)[0m   warnings.warn(smsg, UserWarning)
[36m(_RemoteRayXGBoostActor pid=4098340)[0m [11:14:28] task [xgboost.ray]:22774450181264 got new rank 3[32m [repeated 3x across cluster] (Ray deduplicates logs by default. Set RAY_DEDUP_LOGS=0 to disable log deduplication, or see https://docs.ray.io/en/master/ray-observability/ray-logging.html#log-deduplication for more options.)[0m
[36m(_RemoteRayXGBoostActor pid=4098340)[0m [11:14:29] WARNING: /workspace/src/common/error_msg.cc:27: The tree method `gpu_hist` is deprecated since 2.0.0. To use GPU training, set the `device` parameter to CUDA instead.[32m [repeated 3x across cluster][0m
[36m(_RemoteRayXGBoostActor pid=4098331)[0m [32m [repeated 8x across cluster][0m
[36m(_RemoteRayXGBoostActor pid=4098331)[0m     E.g. tree_method = "hist", device = "cuda"[32m [repeated 4x across cluster][0m
/home/ssm10076/.local/lib/python3.11/site-packages/xgboost/core.py:160: UserWarning: [11:14:43] WARNING: /workspace/src/common/error_msg.cc:27: The tree method `gpu_hist` is deprecated since 2.0.0. To use GPU training, set the `device` parameter to CUDA instead.

    E.g. tree_method = "hist", device = "cuda"

  warnings.warn(smsg, UserWarning)
/home/ssm10076/.local/lib/python3.11/site-packages/xgboost/core.py:160: UserWarning: [11:14:43] WARNING: /workspace/src/c_api/c_api.cc:1240: Saving into deprecated binary model format, please consider using `json` or `ubj`. Model format will default to JSON in XGBoost 2.2 if not specified.
  warnings.warn(smsg, UserWarning)
Training time: 22.49 seconds
Final training accuracy: 0.6271
Final validation accuracy: 0.4338
Total execution time: 35.56 seconds
